001王宏斌222.209.186.442015-11-13 09:20:16login-
001王宏斌222.209.186.442015-11-13 10:46:05login-
001王宏斌222.209.186.442015-11-13 10:59:37login-
001王宏斌222.209.186.442015-11-13 11:06:43login-
001王宏斌222.209.186.442015-11-13 11:21:16login-
001王宏斌222.209.186.442015-11-13 11:26:40login-
001王宏斌222.209.186.442015-11-13 11:49:06login-
001王宏斌222.209.186.442015-11-13 11:49:35login-
001王宏斌222.209.186.442015-11-13 12:07:10login-
001王宏斌222.209.186.442015-11-13 13:18:12login-
获取订单数据详细222.209.186.442015-11-13 13:24:30null-
获取订单数据详细222.209.186.442015-11-13 13:24:37null-
获取订单数据详细222.209.186.442015-11-13 13:24:45null-
001王宏斌222.209.186.442015-11-13 14:03:02login-
王宏斌222.209.186.442015-11-13 14:06:24修改系统参数{urlPrefix=http://www.my-tw.com:8080/o2o, smsid=35026, com_id=001, dayN2_SdOutStore_Of_SdPlan=2, SmsUsername=p123456p, corpsecret=qN-YOl7Mjqt7T6RvLaLvRw0kQhSKbSvYdy6X_9upSu79puI1ITjF4dkehoGrNIIx, o2o=jiaju, debug=false, salesOrder_Process=1, order_sms_debug=false, SmsPassword=123456, corpid=wxd6d2b1e1898c3ef2, dayN1_SdOutStore_Of_SdPlan=3, dayTime_Of_SdPlan=14:00:00, sendSmsEnd=, systemWeixin=, order_sms_no=13086652206, sms_format3=, NoticeStyle=0, sendMsgEnd=欢迎注册牵引互联, sms_format1=, dayM2_SdOutStore_Of_SdPlan=3, sms_format2=, sendMsgBegin=【牵引软件】验证码:, dayM1_SdOutStore_Of_SdPlan=3}-
001王宏斌222.209.186.442015-11-13 14:15:47login-
王宏斌222.209.186.442015-11-13 14:17:08修改系统参数{urlPrefix=http://www.my-tw.com:8080/o2o, smsid=35026, com_id=001, dayN2_SdOutStore_Of_SdPlan=2, SmsUsername=p123456p, corpsecret=qN-YOl7Mjqt7T6RvLaLvRw0kQhSKbSvYdy6X_9upSu79puI1ITjF4dkehoGrNIIx, o2o=jiaju, debug=false, salesOrder_Process=1, order_sms_debug=false, SmsPassword=123456, corpid=wx582baadfc7c9859b, dayN1_SdOutStore_Of_SdPlan=3, dayTime_Of_SdPlan=14:00:00, sendSmsEnd=, systemWeixin=, order_sms_no=13086652206, sms_format3=, NoticeStyle=0, sendMsgEnd=欢迎注册牵引互联, sms_format1=, dayM2_SdOutStore_Of_SdPlan=3, sms_format2=, sendMsgBegin=【牵引软件】验证码:, dayM1_SdOutStore_Of_SdPlan=3}-
001王宏斌222.209.186.442015-11-13 15:35:41login-
001王宏斌222.209.186.442015-11-13 16:06:56login-
001CS1CK000016222.209.186.442015-11-13 16:08:08添加订单[{"ivt_oper_listing":"NO.2015111300001XSDD","item_id":"CP000014","pronum":"10.000","pack_unit":"1","casing_unit":"件","sum_si":"15000.000","sd_unit_price":""}]-
安云霞-装修公司222.209.186.442015-11-13 16:09:51{recieved_auto_id=NO.2015111300004XSSK, comfirm_flag=N, recieve_type=应收款, recieved_direct=收款, com_id=001, finacial_y=2015, finacial_d=2015-11-13 16:09:50, mainten_clerk_id=001, clerk_id=16, sum_si=15000, rcv_hw_no=JS001JS004, sum_si_origin=线下收款-员工, dept_id=DE004, finacial_m=10, recieved_id=NO.2015111300004XSSK, ivt_oper_cfm_time=2015-11-13 16:09:51, c_memo=, rejg_hw_no=NO.2015111300011XSKD, mainten_datetime=2015-11-13 16:09:51, customer_id=CS1CK000016}-
